
Bad key text.latex.preview in file /software/python-anaconda-2020.11-el8-x86_64/lib/python3.8/site-packages/matplotlib/mpl-data/stylelib/_classic_test.mplstyle, line 123 ('text.latex.preview : False')
You probably need to get an updated matplotlibrc file from
https://github.com/matplotlib/matplotlib/blob/v3.7.1/matplotlibrc.template
or from the matplotlib source distribution

Bad key mathtext.fallback_to_cm in file /software/python-anaconda-2020.11-el8-x86_64/lib/python3.8/site-packages/matplotlib/mpl-data/stylelib/_classic_test.mplstyle, line 155 ('mathtext.fallback_to_cm : True  # When True, use symbols from the Computer Modern')
You probably need to get an updated matplotlibrc file from
https://github.com/matplotlib/matplotlib/blob/v3.7.1/matplotlibrc.template
or from the matplotlib source distribution

Bad key savefig.jpeg_quality in file /software/python-anaconda-2020.11-el8-x86_64/lib/python3.8/site-packages/matplotlib/mpl-data/stylelib/_classic_test.mplstyle, line 418 ('savefig.jpeg_quality: 95       # when a jpeg is saved, the default quality parameter.')
You probably need to get an updated matplotlibrc file from
https://github.com/matplotlib/matplotlib/blob/v3.7.1/matplotlibrc.template
or from the matplotlib source distribution

Bad key keymap.all_axes in file /software/python-anaconda-2020.11-el8-x86_64/lib/python3.8/site-packages/matplotlib/mpl-data/stylelib/_classic_test.mplstyle, line 466 ('keymap.all_axes : a                 # enable all axes')
You probably need to get an updated matplotlibrc file from
https://github.com/matplotlib/matplotlib/blob/v3.7.1/matplotlibrc.template
or from the matplotlib source distribution

Bad key animation.avconv_path in file /software/python-anaconda-2020.11-el8-x86_64/lib/python3.8/site-packages/matplotlib/mpl-data/stylelib/_classic_test.mplstyle, line 477 ('animation.avconv_path: avconv     # Path to avconv binary. Without full path')
You probably need to get an updated matplotlibrc file from
https://github.com/matplotlib/matplotlib/blob/v3.7.1/matplotlibrc.template
or from the matplotlib source distribution

Bad key animation.avconv_args in file /software/python-anaconda-2020.11-el8-x86_64/lib/python3.8/site-packages/matplotlib/mpl-data/stylelib/_classic_test.mplstyle, line 479 ('animation.avconv_args:            # Additional arguments to pass to avconv')
You probably need to get an updated matplotlibrc file from
https://github.com/matplotlib/matplotlib/blob/v3.7.1/matplotlibrc.template
or from the matplotlib source distribution
 
 _    _ _____ _____ _____            
| |  | |  ___/  ___|_   _|           
| |  | | |__ \ `--.  | |_ __  _   _  
| |/\| |  __| `--. \ | | '_ \| | | | 
\  /\  / |___/\__/ / | | |_) | |_| | 
 \/  \/\____/\____/  \_/ .__/ \__, | 
                       | |     __/ | 
                       |_|    |___/  
 
WEST version     :  6.2.1
Today            :  2025-11-01 21:37:15.160148
     BFGS Geometry Relaxation
     
     Running pw.x ...
[WARNING] yaksa: 2 leaked handle pool objects
[WARNING] yaksa: 2 leaked handle pool objects
[WARNING] yaksa: 2 leaked handle pool objects
[WARNING] yaksa: 2 leaked handle pool objects
[WARNING] yaksa: 2 leaked handle pool objects
[WARNING] yaksa: 2 leaked handle pool objects
[WARNING] yaksa: 2 leaked handle pool objects
[WARNING] yaksa: 2 leaked handle pool objects
     Running wbse.x ...
     
     number of scf cycles    =   1
     number of bfgs steps    =   0
     energy new              =    -724.2950355720 Ry
     total force             =       0.1302107129 Ry/Bohr
     new trust radius        =       0.0522216656 Bohr
     
     Copied pwscf.save folder into /home/sstaylor/work/nv_diamond/2x2x2/04_tddft/step-2/
     
     Running pw.x ...
[WARNING] yaksa: 2 leaked handle pool objects
[WARNING] yaksa: 2 leaked handle pool objects
[WARNING] yaksa: 2 leaked handle pool objects
[WARNING] yaksa: 2 leaked handle pool objects
[WARNING] yaksa: 2 leaked handle pool objects
[WARNING] yaksa: 2 leaked handle pool objects
[WARNING] yaksa: 2 leaked handle pool objects
[WARNING] yaksa: 2 leaked handle pool objects
     Running wbse.x ...
     
     number of scf cycles    =   2
     number of bfgs steps    =   1
     energy old              =    -724.2950355720 Ry
     energy new              =    -724.3022680400 Ry
     total force             =       0.0617087281 Ry/Bohr
     CASE: energy_new < energy_old
     new trust radius        =       0.0179377989 Bohr
     
     Copied pwscf.save folder into /home/sstaylor/work/nv_diamond/2x2x2/04_tddft/step-3/
     
     Running pw.x ...
[WARNING] yaksa: 2 leaked handle pool objects
[WARNING] yaksa: 2 leaked handle pool objects
[WARNING] yaksa: 2 leaked handle pool objects
[WARNING] yaksa: 2 leaked handle pool objects
[WARNING] yaksa: 2 leaked handle pool objects
[WARNING] yaksa: 2 leaked handle pool objects
[WARNING] yaksa: 2 leaked handle pool objects
[WARNING] yaksa: 2 leaked handle pool objects
     Running wbse.x ...
     
     number of scf cycles    =   3
     number of bfgs steps    =   2
     energy old              =    -724.3022680400 Ry
     energy new              =    -724.3042691891 Ry
     total force             =       0.0277737708 Ry/Bohr
     CASE: energy_new < energy_old
     new trust radius        =       0.0227057965 Bohr
     
     Copied pwscf.save folder into /home/sstaylor/work/nv_diamond/2x2x2/04_tddft/step-4/
     
     Running pw.x ...
[WARNING] yaksa: 2 leaked handle pool objects
[WARNING] yaksa: 2 leaked handle pool objects
[WARNING] yaksa: 2 leaked handle pool objects
[WARNING] yaksa: 2 leaked handle pool objects
[WARNING] yaksa: 2 leaked handle pool objects
[WARNING] yaksa: 2 leaked handle pool objects
[WARNING] yaksa: 2 leaked handle pool objects
[WARNING] yaksa: 2 leaked handle pool objects
     Running wbse.x ...
     
     number of scf cycles    =   4
     number of bfgs steps    =   3
     energy old              =    -724.3042691891 Ry
     energy new              =    -724.3052450301 Ry
     total force             =       0.0161775461 Ry/Bohr
     CASE: energy_new < energy_old
     new trust radius        =       0.0121153427 Bohr
     
     Copied pwscf.save folder into /home/sstaylor/work/nv_diamond/2x2x2/04_tddft/step-5/
     
     Running pw.x ...
[WARNING] yaksa: 2 leaked handle pool objects
[WARNING] yaksa: 2 leaked handle pool objects
[WARNING] yaksa: 2 leaked handle pool objects
[WARNING] yaksa: 2 leaked handle pool objects
[WARNING] yaksa: 2 leaked handle pool objects
[WARNING] yaksa: 2 leaked handle pool objects
[WARNING] yaksa: 2 leaked handle pool objects
[WARNING] yaksa: 2 leaked handle pool objects
     Running wbse.x ...
     
     number of scf cycles    =   5
     number of bfgs steps    =   4
     energy old              =    -724.3052450301 Ry
     energy new              =    -724.3055086081 Ry
     total force             =       0.0108737596 Ry/Bohr
     CASE: energy_new < energy_old
     new trust radius        =       0.0094150414 Bohr
     
     Copied pwscf.save folder into /home/sstaylor/work/nv_diamond/2x2x2/04_tddft/step-6/
     
     Running pw.x ...
[WARNING] yaksa: 2 leaked handle pool objects
[WARNING] yaksa: 2 leaked handle pool objects
[WARNING] yaksa: 2 leaked handle pool objects
[WARNING] yaksa: 2 leaked handle pool objects
[WARNING] yaksa: 2 leaked handle pool objects
[WARNING] yaksa: 2 leaked handle pool objects
[WARNING] yaksa: 2 leaked handle pool objects
[WARNING] yaksa: 2 leaked handle pool objects
     Running wbse.x ...
     
     number of scf cycles    =   6
     number of bfgs steps    =   5
     energy old              =    -724.3055086081 Ry
     energy new              =    -724.3056227483 Ry
     total force             =       0.0053693528 Ry/Bohr
     CASE: energy_new < energy_old
     new trust radius        =       0.0037157999 Bohr
     
     Copied pwscf.save folder into /home/sstaylor/work/nv_diamond/2x2x2/04_tddft/step-7/
     
     Running pw.x ...
[WARNING] yaksa: 2 leaked handle pool objects
[WARNING] yaksa: 2 leaked handle pool objects
[WARNING] yaksa: 2 leaked handle pool objects
[WARNING] yaksa: 2 leaked handle pool objects
[WARNING] yaksa: 2 leaked handle pool objects
[WARNING] yaksa: 2 leaked handle pool objects
[WARNING] yaksa: 2 leaked handle pool objects
[WARNING] yaksa: 2 leaked handle pool objects
     Running wbse.x ...
     
     number of scf cycles    =   7
     number of bfgs steps    =   6
     energy old              =    -724.3056227483 Ry
     energy new              =    -724.3056536127 Ry
     total force             =       0.0035516779 Ry/Bohr
     CASE: energy_new < energy_old
     new trust radius        =       0.0026807231 Bohr
     
     Copied pwscf.save folder into /home/sstaylor/work/nv_diamond/2x2x2/04_tddft/step-8/
     
     Running pw.x ...
[WARNING] yaksa: 2 leaked handle pool objects
[WARNING] yaksa: 2 leaked handle pool objects
[WARNING] yaksa: 2 leaked handle pool objects
[WARNING] yaksa: 2 leaked handle pool objects
[WARNING] yaksa: 2 leaked handle pool objects
[WARNING] yaksa: 2 leaked handle pool objects
[WARNING] yaksa: 2 leaked handle pool objects
[WARNING] yaksa: 2 leaked handle pool objects
     Running wbse.x ...
     
     number of scf cycles    =   8
     number of bfgs steps    =   7
     energy old              =    -724.3056536127 Ry
     energy new              =    -724.3056687317 Ry
     total force             =       0.0028986160 Ry/Bohr
     
     Final geometry saved to /home/sstaylor/work/nv_diamond/2x2x2/04_tddft/final_geo
     
     bfgs converged in   8 scf cycles and   7 bfgs steps
     (criteria: energy < 1.00e-04 Ry, force < 1.00e-03 Ry/Bohr)
     
     End of BFGS Geometry Optimization
     
     Final energy =    -724.3056687317 Ry
